<?xml version="1.0" encoding="UTF-8"?>
<!-- Generated by org.testng.reporters.JUnitReportReporter -->
<testsuite hostname="DESKTOP-BPQBUSQ" failures="0" tests="1" name="testCases.TC001_AccountRegistrationTest" time="5.325" errors="0" timestamp="2024-05-09T18:33:52 CDT" skipped="0">
  <testcase classname="testCases.TC001_AccountRegistrationTest" name="verify_account_registration" time="5.325"/>
  <system-out/>
</testsuite> <!-- testCases.TC001_AccountRegistrationTest -->
