<?xml version="1.0" encoding="UTF-8"?>
<!-- Generated by org.testng.reporters.JUnitReportReporter -->
<testsuite hostname="DESKTOP-BPQBUSQ" failures="0" tests="1" name="testsCases.TC001_AccountRegistrationTest" time="12.741" errors="0" timestamp="2024-04-30T21:46:01 CDT" skipped="0">
  <testcase classname="testsCases.TC001_AccountRegistrationTest" name="verify_account_registration" time="12.741"/>
  <system-out/>
</testsuite> <!-- testsCases.TC001_AccountRegistrationTest -->
