<?xml version="1.0" encoding="UTF-8"?>
<!-- Generated by org.testng.reporters.JUnitReportReporter -->
<testsuite hostname="DESKTOP-BPQBUSQ" failures="0" tests="1" name="testCases.TC001_AccountRegistrationTest" time="6.303" errors="0" timestamp="2024-05-16T15:30:10 CDT" skipped="0">
  <testcase classname="testCases.TC001_AccountRegistrationTest" name="verify_account_registration" time="6.303"/>
</testsuite> <!-- testCases.TC001_AccountRegistrationTest -->
