<?xml version="1.0" encoding="UTF-8"?>
<!-- Generated by org.testng.reporters.JUnitReportReporter -->
<testsuite hostname="DESKTOP-BPQBUSQ" failures="0" tests="1" name="testCases.TC001_AccountRegistrationTest" time="5.586" errors="0" timestamp="2024-05-15T13:06:46 CDT" skipped="0">
  <testcase classname="testCases.TC001_AccountRegistrationTest" name="verify_account_registration" time="5.586"/>
</testsuite> <!-- testCases.TC001_AccountRegistrationTest -->
