<?xml version="1.0" encoding="UTF-8"?>
<!-- Generated by org.testng.reporters.JUnitReportReporter -->
<testsuite hostname="DESKTOP-BPQBUSQ" failures="0" tests="1" name="testCases.TC002_LoginTest" time="2.230" errors="0" timestamp="2024-05-16T15:30:10 CDT" skipped="0">
  <testcase classname="testCases.TC002_LoginTest" name="veifyLogin" time="2.230"/>
</testsuite> <!-- testCases.TC002_LoginTest -->
